<?xml version="1.0" encoding="UTF-8"?>
<!-- Generated by org.testng.reporters.JUnitReportReporter -->
<testsuite skipped="0" hostname="Chitranjalis-MacBook-Pro.local" name="com.qa.avaamo.tests.HomePageTest" tests="5" failures="0" timestamp="22 Jun 2021 13:39:27 GMT" time="98.791" errors="0">
  <testcase name="verifyHomePageTitleTest" time="0.028" classname="com.qa.avaamo.tests.HomePageTest"/>
  <testcase name="verifyNotificationTextTest" time="1.030" classname="com.qa.avaamo.tests.HomePageTest"/>
  <testcase name="verifyBotLoadedTest" time="19.394" classname="com.qa.avaamo.tests.HomePageTest"/>
  <testcase name="verifyStartOverMenuOptionActionsTest" time="39.626" classname="com.qa.avaamo.tests.HomePageTest"/>
  <testcase name="verifySubmitTestBotFormTest" time="38.713" classname="com.qa.avaamo.tests.HomePageTest"/>
</testsuite> <!-- com.qa.avaamo.tests.HomePageTest -->
